<?xml version="1.0" encoding="UTF-8"?>
<testng-results ignored="0" total="1" passed="1" failed="0" skipped="0">
  <reporter-output>
  </reporter-output>
  <suite started-at="2025-12-25T16:51:16 IST" name="Default suite" finished-at="2025-12-25T16:51:32 IST" duration-ms="16692">
    <groups>
      <group name="regression">
        <method signature="CreateProduct.CreateProduct()[pri:0, instance:Product.CreateProduct@45752059]" name="CreateProduct" class="Product.CreateProduct"/>
      </group> <!-- regression -->
    </groups>
    <test started-at="2025-12-25T16:51:16 IST" name="Default test" finished-at="2025-12-25T16:51:32 IST" duration-ms="16692">
      <class name="Product.CreateProduct">
        <test-method is-config="true" signature="ConnectToDb()[pri:0, instance:Product.CreateProduct@45752059]" started-at="2025-12-25T16:51:16 IST" name="ConnectToDb" finished-at="2025-12-25T16:51:16 IST" duration-ms="12" status="PASS">
          <reporter-output>
          </reporter-output>
        </test-method> <!-- ConnectToDb -->
        <test-method is-config="true" signature="launchBrowser()[pri:0, instance:Product.CreateProduct@45752059]" started-at="2025-12-25T16:51:16 IST" name="launchBrowser" finished-at="2025-12-25T16:51:18 IST" duration-ms="2462" status="PASS">
          <reporter-output>
          </reporter-output>
        </test-method> <!-- launchBrowser -->
        <test-method is-config="true" signature="loginToApp()[pri:0, instance:Product.CreateProduct@45752059]" started-at="2025-12-25T16:51:18 IST" name="loginToApp" finished-at="2025-12-25T16:51:19 IST" duration-ms="347" status="PASS">
          <reporter-output>
          </reporter-output>
        </test-method> <!-- loginToApp -->
        <test-method signature="CreateProduct()[pri:0, instance:Product.CreateProduct@45752059]" started-at="2025-12-25T16:51:19 IST" name="CreateProduct" finished-at="2025-12-25T16:51:30 IST" duration-ms="11722" status="PASS">
          <reporter-output>
          </reporter-output>
        </test-method> <!-- CreateProduct -->
        <test-method is-config="true" signature="logoutfromAccount()[pri:0, instance:Product.CreateProduct@45752059]" started-at="2025-12-25T16:51:30 IST" name="logoutfromAccount" finished-at="2025-12-25T16:51:32 IST" duration-ms="1598" status="PASS">
          <reporter-output>
          </reporter-output>
        </test-method> <!-- logoutfromAccount -->
        <test-method is-config="true" signature="CloseBrowser()[pri:0, instance:Product.CreateProduct@45752059]" started-at="2025-12-25T16:51:32 IST" name="CloseBrowser" finished-at="2025-12-25T16:51:32 IST" duration-ms="268" status="PASS">
          <reporter-output>
          </reporter-output>
        </test-method> <!-- CloseBrowser -->
        <test-method is-config="true" signature="disconnect()[pri:0, instance:Product.CreateProduct@45752059]" started-at="2025-12-25T16:51:33 IST" name="disconnect" finished-at="2025-12-25T16:51:33 IST" duration-ms="1" status="PASS">
          <reporter-output>
          </reporter-output>
        </test-method> <!-- disconnect -->
      </class> <!-- Product.CreateProduct -->
    </test> <!-- Default test -->
  </suite> <!-- Default suite -->
</testng-results>
